[MASTER] 19:31:13.357 [pool-2-thread-1] ERROR ConcreteClassAnalyzer - Problem for org.apache.commons.cli.help.HelpFormatter. Class not found: org.mockito.internal.creation.bytebuddy.MockMethodAdvice$Identifier
java.lang.NoClassDefFoundError: org/mockito/internal/creation/bytebuddy/MockMethodAdvice
	at java.lang.Class.getDeclaringClass0(Native Method) ~[na:1.8.0_471]
	at java.lang.Class.getDeclaringClass(Class.java:1238) ~[na:1.8.0_471]
	at java.lang.Class.getEnclosingClass(Class.java:1280) ~[na:1.8.0_471]
	at java.lang.Class.getSimpleBinaryName(Class.java:1446) ~[na:1.8.0_471]
	at java.lang.Class.getSimpleName(Class.java:1312) ~[na:1.8.0_471]
	at java.lang.Class.isAnonymousClass(Class.java:1414) ~[na:1.8.0_471]
	at org.evosuite.setup.TestUsageChecker.canUse(TestUsageChecker.java:155) ~[evosuite-master-1.0.6.jar:1.0.6]
	at org.evosuite.setup.ConcreteClassAnalyzer.getConcreteClassesImpl(ConcreteClassAnalyzer.java:133) [evosuite-master-1.0.6.jar:1.0.6]
	at org.evosuite.setup.ConcreteClassAnalyzer.getConcreteClasses(ConcreteClassAnalyzer.java:61) [evosuite-master-1.0.6.jar:1.0.6]
	at org.evosuite.setup.TestClusterGenerator.addDependency(TestClusterGenerator.java:878) [evosuite-master-1.0.6.jar:1.0.6]
	at org.evosuite.setup.TestClusterGenerator.addDependency(TestClusterGenerator.java:844) [evosuite-master-1.0.6.jar:1.0.6]
	at org.evosuite.setup.TestClusterGenerator.addDependencies(TestClusterGenerator.java:789) [evosuite-master-1.0.6.jar:1.0.6]
	at org.evosuite.setup.TestClusterGenerator.addDependencyClass(TestClusterGenerator.java:985) [evosuite-master-1.0.6.jar:1.0.6]
	at org.evosuite.setup.TestClusterGenerator.resolveDependencies(TestClusterGenerator.java:358) [evosuite-master-1.0.6.jar:1.0.6]
	at org.evosuite.setup.TestClusterGenerator.generateCluster(TestClusterGenerator.java:137) [evosuite-master-1.0.6.jar:1.0.6]
	at org.evosuite.setup.DependencyAnalysis.analyze(DependencyAnalysis.java:118) [evosuite-master-1.0.6.jar:1.0.6]
	at org.evosuite.setup.DependencyAnalysis.analyzeClass(DependencyAnalysis.java:132) [evosuite-master-1.0.6.jar:1.0.6]
	at org.evosuite.TestSuiteGenerator.initializeTargetClass(TestSuiteGenerator.java:110) [evosuite-master-1.0.6.jar:1.0.6]
	at org.evosuite.TestSuiteGenerator.generateTestSuite(TestSuiteGenerator.java:130) [evosuite-master-1.0.6.jar:1.0.6]
	at org.evosuite.rmi.service.ClientNodeImpl$1.run(ClientNodeImpl.java:145) [evosuite-master-1.0.6.jar:1.0.6]
	at java.util.concurrent.Executors$RunnableAdapter.call(Executors.java:511) [na:1.8.0_471]
	at java.util.concurrent.FutureTask.run(FutureTask.java:266) [na:1.8.0_471]
	at java.util.concurrent.ThreadPoolExecutor.runWorker(ThreadPoolExecutor.java:1149) [na:1.8.0_471]
	at java.util.concurrent.ThreadPoolExecutor$Worker.run(ThreadPoolExecutor.java:624) [na:1.8.0_471]
	at java.lang.Thread.run(Thread.java:750) [na:1.8.0_471]
Caused by: java.lang.ClassNotFoundException: org/mockito/internal/creation/bytebuddy/inject/MockMethodDispatcher
	at org.evosuite.instrumentation.InstrumentingClassLoader.instrumentClass(InstrumentingClassLoader.java:201) ~[evosuite-master-1.0.6.jar:1.0.6]
	at org.evosuite.instrumentation.InstrumentingClassLoader.loadClass(InstrumentingClassLoader.java:168) ~[evosuite-master-1.0.6.jar:1.0.6]
	... 25 common frames omitted
Caused by: java.lang.NoClassDefFoundError: org/mockito/internal/creation/bytebuddy/inject/MockMethodDispatcher
	at java.lang.ClassLoader.defineClass1(Native Method) ~[na:1.8.0_471]
	at java.lang.ClassLoader.defineClass(ClassLoader.java:756) ~[na:1.8.0_471]
	at java.lang.ClassLoader.defineClass(ClassLoader.java:635) ~[na:1.8.0_471]
	at org.evosuite.instrumentation.InstrumentingClassLoader.instrumentClass(InstrumentingClassLoader.java:194) ~[evosuite-master-1.0.6.jar:1.0.6]
	... 26 common frames omitted
Caused by: java.lang.ClassNotFoundException: Class 'org/mockito/internal/creation/bytebuddy/inject/MockMethodDispatcher.class' should be in target project, but could not be found!
	at org.evosuite.instrumentation.InstrumentingClassLoader.instrumentClass(InstrumentingClassLoader.java:201) ~[evosuite-master-1.0.6.jar:1.0.6]
	at org.evosuite.instrumentation.InstrumentingClassLoader.loadClass(InstrumentingClassLoader.java:168) ~[evosuite-master-1.0.6.jar:1.0.6]
	... 30 common frames omitted
Caused by: java.lang.ClassNotFoundException: Class 'org/mockito/internal/creation/bytebuddy/inject/MockMethodDispatcher.class' should be in target project, but could not be found!
	at org.evosuite.instrumentation.InstrumentingClassLoader.instrumentClass(InstrumentingClassLoader.java:188) ~[evosuite-master-1.0.6.jar:1.0.6]
	... 31 common frames omitted
[MASTER] 19:31:13.357 [pool-2-thread-1] ERROR ConcreteClassAnalyzer - Removing class from inheritance tree
[MASTER] 19:31:14.395 [pool-2-thread-1] ERROR TestCluster - Failed to check cache for java.util.function.Function<T, R> : Type points to itself
[MASTER] 19:31:14.457 [pool-2-thread-1] ERROR TestCluster - Failed to check cache for java.util.Comparator<T> : Type points to itself
[MASTER] 19:31:14.495 [pool-2-thread-1] ERROR TestCluster - Failed to check cache for java.util.function.BiFunction<T, U, R> : Type points to itself
[MASTER] 19:31:47.030 [pool-2-thread-1] ERROR TestCluster - Failed to check cache for java.util.List<E> : Type points to itself
[MASTER] 19:31:53.127 [pool-2-thread-1] ERROR ClassStateSupport - Could not initialize net.bytebuddy.build.HashCodeAndEqualsPlugin: null
[MASTER] 19:31:53.149 [pool-2-thread-1] ERROR ClassStateSupport - Could not initialize net.bytebuddy.implementation.EqualsMethod: Could not initialize class net.bytebuddy.description.type.TypeDescription$ForLoadedType
[MASTER] 19:31:53.158 [pool-2-thread-1] ERROR ClassStateSupport - Could not initialize net.bytebuddy.implementation.HashCodeMethod: Could not initialize class net.bytebuddy.description.type.TypeDescription$ForLoadedType
[MASTER] 19:31:53.388 [pool-2-thread-1] ERROR ClassStateSupport - Could not initialize net.bytebuddy.description.type.TypeDefinition$Sort: null
[MASTER] 19:31:53.392 [pool-2-thread-1] ERROR ClassStateSupport - Could not initialize net.bytebuddy.description.type.TypeDescription$ForLoadedType: Could not initialize class net.bytebuddy.description.type.TypeDescription$ForLoadedType
[MASTER] 19:31:53.637 [pool-2-thread-1] ERROR ClassStateSupport - Could not initialize net.bytebuddy.implementation.HashCodeMethod: null
[MASTER] 19:31:53.647 [pool-2-thread-1] ERROR ClassStateSupport - Could not initialize net.bytebuddy.build.HashCodeAndEqualsPlugin: Could not initialize class net.bytebuddy.description.type.TypeDescription$ForLoadedType
[MASTER] 19:31:54.016 [pool-2-thread-1] ERROR JUnitAnalyzer - Ran out of time while checking tests
