* Starting client
* Connecting to master process on port 6611
* Analyzing classpath: 
  - E:\EECS-4313\A2\commons-cli\target\test-classes
  - E:\EECS-4313\A2\commons-cli\target\classes
  - C:\Users\dyw96\.m2\repository\org\junit\jupiter\junit-jupiter-api\5.14.2\junit-jupiter-api-5.14.2.jar
  - C:\Users\dyw96\.m2\repository\org\opentest4j\opentest4j\1.3.0\opentest4j-1.3.0.jar
  - C:\Users\dyw96\.m2\repository\org\junit\platform\junit-platform-commons\1.14.2\junit-platform-commons-1.14.2.jar
  - C:\Users\dyw96\.m2\repository\org\apiguardian\apiguardian-api\1.1.2\apiguardian-api-1.1.2.jar
  - C:\Users\dyw96\.m2\repository\org\junit\jupiter\junit-jupiter-engine\5.14.2\junit-jupiter-engine-5.14.2.jar
  - C:\Users\dyw96\.m2\repository\org\junit\platform\junit-platform-engine\1.14.2\junit-platform-engine-1.14.2.jar
  - C:\Users\dyw96\.m2\repository\org\junit\vintage\junit-vintage-engine\5.14.2\junit-vintage-engine-5.14.2.jar
  - C:\Users\dyw96\.m2\repository\org\junit\jupiter\junit-jupiter-params\5.14.2\junit-jupiter-params-5.14.2.jar
  - C:\Users\dyw96\.m2\repository\org\junit-pioneer\junit-pioneer\1.9.1\junit-pioneer-1.9.1.jar
  - C:\Users\dyw96\.m2\repository\org\junit\platform\junit-platform-launcher\1.14.2\junit-platform-launcher-1.14.2.jar
  - C:\Users\dyw96\.m2\repository\junit\junit\4.13.2\junit-4.13.2.jar
  - C:\Users\dyw96\.m2\repository\org\hamcrest\hamcrest-core\1.3\hamcrest-core-1.3.jar
  - C:\Users\dyw96\.m2\repository\commons-io\commons-io\2.21.0\commons-io-2.21.0.jar
  - C:\Users\dyw96\.m2\repository\org\apache\commons\commons-text\1.15.0\commons-text-1.15.0.jar
  - C:\Users\dyw96\.m2\repository\org\apache\commons\commons-lang3\3.20.0\commons-lang3-3.20.0.jar
  - C:\Users\dyw96\.m2\repository\org\mockito\mockito-core\4.11.0\mockito-core-4.11.0.jar
  - C:\Users\dyw96\.m2\repository\net\bytebuddy\byte-buddy\1.12.19\byte-buddy-1.12.19.jar
  - C:\Users\dyw96\.m2\repository\net\bytebuddy\byte-buddy-agent\1.12.19\byte-buddy-agent-1.12.19.jar
  - C:\Users\dyw96\.m2\repository\org\objenesis\objenesis\3.3\objenesis-3.3.jar
* Finished analyzing classpath
* Generating tests for class org.apache.commons.cli.help.TextHelpAppendable
* Test criteria:
  - Line Coverage
  - Branch Coverage
  - Exception
  - Mutation testing (weak)
  - Method-Output Coverage
  - Top-Level Method Coverage
  - No-Exception Top-Level Method Coverage
  - Context Branch Coverage
* Setting up search algorithm for whole suite generation
[MASTER] 19:08:22.121 [pool-2-thread-1] WARN  TestSuiteSerialization - Cannot load tests because file does not exist: E:\EECS-4313\A2\commons-cli\.evosuite\evosuite-seeds\org.apache.commons.cli.help.TextHelpAppendable.seed
* Loaded 0 tests from E:\EECS-4313\A2\commons-cli\.evosuite\evosuite-seeds\org.apache.commons.cli.help.TextHelpAppendable.seed
* Total number of test goals: 
  - Line 156
  - Branch 96
  - Exception 0
  - MutationFactory 724
  - Output 62
  - Method 22
  - MethodNoException 22
  - CBranchFitnessFactory 96
* Using seed 1773788900389
* Starting evolution
* Search finished after 109s and 133 generations, 80463 statements, best individual has fitness: 52.526818416415935
* Writing sequences to pool
* Minimizing test suite
[MASTER] 19:10:31.264 [pool-2-thread-1] WARN  TestSuiteMinimizer - Minimization timeout. Roll back to original test suite
* Going to analyze the coverage criteria
* Coverage analysis for criterion LINE
* Coverage of criterion LINE: 99%
* Total number of goals: 156
* Number of covered goals: 154
* Coverage analysis for criterion BRANCH
* Coverage of criterion BRANCH: 94%
* Total number of goals: 96
* Number of covered goals: 90
* Coverage analysis for criterion EXCEPTION
* Coverage of criterion EXCEPTION: 100%
* Total number of goals: 48
* Number of covered goals: 48
* Coverage analysis for criterion WEAKMUTATION
* Coverage of criterion WEAKMUTATION: 97%
* Total number of goals: 724
* Number of covered goals: 701
* Coverage analysis for criterion OUTPUT
* Coverage of criterion OUTPUT: 71%
* Total number of goals: 62
* Number of covered goals: 44
* Coverage analysis for criterion METHOD
* Coverage of criterion METHOD: 100%
* Total number of goals: 22
* Number of covered goals: 22
* Coverage analysis for criterion METHODNOEXCEPTION
* Coverage of criterion METHODNOEXCEPTION: 100%
* Total number of goals: 22
* Number of covered goals: 22
* Coverage analysis for criterion CBRANCH
* Coverage of criterion CBRANCH: 92%
* Total number of goals: 96
* Number of covered goals: 88
* Generated 105 tests with total length 1894
* Resulting test suite's coverage: 94% (average coverage for all fitness functions)
* Generating assertions
[MASTER] 19:10:47.990 [pool-2-thread-1] WARN  SimpleMutationAssertionGenerator - Assertion minimization is taking too long (0.9726470588235294% of time used, but only 3/105 tests minimized), falling back to using all assertions
[MASTER] 19:10:48.458 [pool-2-thread-1] WARN  SimpleMutationAssertionGenerator - Reached maximum time to generate assertions, aborting assertion generation
* Resulting test suite's mutation score: 4%
* Compiling and checking tests
[MASTER] 19:11:01.259 [pool-2-thread-1] WARN  MSecurityManager - SUT asked for a runtime permission that EvoSuite does not recognize: net.bytebuddy.createJavaDispatcher
[MASTER] 19:11:01.501 [pool-2-thread-1] WARN  MSecurityManager - SUT asked for a runtime permission that EvoSuite does not recognize: net.bytebuddy.createJavaDispatcher
[MASTER] 19:11:01.891 [pool-2-thread-1] WARN  MSecurityManager - SUT asked for a runtime permission that EvoSuite does not recognize: net.bytebuddy.createJavaDispatcher
[MASTER] 19:11:02.134 [pool-2-thread-1] WARN  MSecurityManager - SUT asked for a runtime permission that EvoSuite does not recognize: net.bytebuddy.createJavaDispatcher
[MASTER] 19:11:02.409 [pool-2-thread-1] WARN  MSecurityManager - SUT asked for a runtime permission that EvoSuite does not recognize: net.bytebuddy.createJavaDispatcher
* Permissions denied during test execution: 
  - java.lang.RuntimePermission: 
         net.bytebuddy.createJavaDispatcher: 9
         writeFileDescriptor: 13
* Writing JUnit test case 'TextHelpAppendable_ESTest' to E:\EECS-4313\A2\commons-cli\.evosuite\tmp_2026_03_17_18_57_04\tests
* Done!

