* Starting client
* Connecting to master process on port 4116
* Analyzing classpath: 
  - E:\EECS-4313\A2\commons-cli\target\test-classes
  - E:\EECS-4313\A2\commons-cli\target\classes
  - C:\Users\dyw96\.m2\repository\org\junit\jupiter\junit-jupiter-api\5.14.2\junit-jupiter-api-5.14.2.jar
  - C:\Users\dyw96\.m2\repository\org\opentest4j\opentest4j\1.3.0\opentest4j-1.3.0.jar
  - C:\Users\dyw96\.m2\repository\org\junit\platform\junit-platform-commons\1.14.2\junit-platform-commons-1.14.2.jar
  - C:\Users\dyw96\.m2\repository\org\apiguardian\apiguardian-api\1.1.2\apiguardian-api-1.1.2.jar
  - C:\Users\dyw96\.m2\repository\org\junit\jupiter\junit-jupiter-engine\5.14.2\junit-jupiter-engine-5.14.2.jar
  - C:\Users\dyw96\.m2\repository\org\junit\platform\junit-platform-engine\1.14.2\junit-platform-engine-1.14.2.jar
  - C:\Users\dyw96\.m2\repository\org\junit\vintage\junit-vintage-engine\5.14.2\junit-vintage-engine-5.14.2.jar
  - C:\Users\dyw96\.m2\repository\org\junit\jupiter\junit-jupiter-params\5.14.2\junit-jupiter-params-5.14.2.jar
  - C:\Users\dyw96\.m2\repository\org\junit-pioneer\junit-pioneer\1.9.1\junit-pioneer-1.9.1.jar
  - C:\Users\dyw96\.m2\repository\org\junit\platform\junit-platform-launcher\1.14.2\junit-platform-launcher-1.14.2.jar
  - C:\Users\dyw96\.m2\repository\junit\junit\4.13.2\junit-4.13.2.jar
  - C:\Users\dyw96\.m2\repository\org\hamcrest\hamcrest-core\1.3\hamcrest-core-1.3.jar
  - C:\Users\dyw96\.m2\repository\commons-io\commons-io\2.21.0\commons-io-2.21.0.jar
  - C:\Users\dyw96\.m2\repository\org\apache\commons\commons-text\1.15.0\commons-text-1.15.0.jar
  - C:\Users\dyw96\.m2\repository\org\apache\commons\commons-lang3\3.20.0\commons-lang3-3.20.0.jar
  - C:\Users\dyw96\.m2\repository\org\mockito\mockito-core\4.11.0\mockito-core-4.11.0.jar
  - C:\Users\dyw96\.m2\repository\net\bytebuddy\byte-buddy\1.12.19\byte-buddy-1.12.19.jar
  - C:\Users\dyw96\.m2\repository\net\bytebuddy\byte-buddy-agent\1.12.19\byte-buddy-agent-1.12.19.jar
  - C:\Users\dyw96\.m2\repository\org\objenesis\objenesis\3.3\objenesis-3.3.jar
* Finished analyzing classpath
* Generating tests for class org.apache.commons.cli.OptionBuilder
* Test criteria:
  - Line Coverage
  - Branch Coverage
  - Exception
  - Mutation testing (weak)
  - Method-Output Coverage
  - Top-Level Method Coverage
  - No-Exception Top-Level Method Coverage
  - Context Branch Coverage
* Setting up search algorithm for whole suite generation
[MASTER] 19:30:25.773 [pool-2-thread-1] WARN  TestSuiteSerialization - Cannot load tests because file does not exist: E:\EECS-4313\A2\commons-cli\.evosuite\evosuite-seeds\org.apache.commons.cli.OptionBuilder.seed
* Loaded 0 tests from E:\EECS-4313\A2\commons-cli\.evosuite\evosuite-seeds\org.apache.commons.cli.OptionBuilder.seed
* Total number of test goals: 
  - Line 62
  - Branch 22
  - Exception 0
  - MutationFactory 51
  - Output 101
  - Method 19
  - MethodNoException 19
  - CBranchFitnessFactory 22
* Using seed 1773790224592
* Starting evolution
* Search finished after 38s and 738 generations, 179885 statements, best individual has fitness: 29.866666666666667
* Writing sequences to pool
* Minimizing test suite
* Going to analyze the coverage criteria
* Coverage analysis for criterion LINE
* Coverage of criterion LINE: 97%
* Total number of goals: 62
* Number of covered goals: 60
* Coverage analysis for criterion BRANCH
* Coverage of criterion BRANCH: 100%
* Total number of goals: 22
* Number of covered goals: 22
* Coverage analysis for criterion EXCEPTION
* Coverage of criterion EXCEPTION: 100%
* Total number of goals: 4
* Number of covered goals: 4
* Coverage analysis for criterion WEAKMUTATION
* Coverage of criterion WEAKMUTATION: 100%
* Total number of goals: 51
* Number of covered goals: 51
* Coverage analysis for criterion OUTPUT
* Coverage of criterion OUTPUT: 71%
* Total number of goals: 101
* Number of covered goals: 72
* Coverage analysis for criterion METHOD
* Coverage of criterion METHOD: 100%
* Total number of goals: 19
* Number of covered goals: 19
* Coverage analysis for criterion METHODNOEXCEPTION
* Coverage of criterion METHODNOEXCEPTION: 100%
* Total number of goals: 19
* Number of covered goals: 19
* Coverage analysis for criterion CBRANCH
* Coverage of criterion CBRANCH: 100%
* Total number of goals: 22
* Number of covered goals: 22
* Generated 31 tests with total length 59
* Resulting test suite's coverage: 96% (average coverage for all fitness functions)
* Generating assertions
* Resulting test suite's mutation score: 57%
* Compiling and checking tests
* Writing JUnit test case 'OptionBuilder_ESTest' to E:\EECS-4313\A2\commons-cli\.evosuite\tmp_2026_03_17_18_57_04\tests
* Done!

