* Starting client
* Connecting to master process on port 13488
* Analyzing classpath: 
  - E:\EECS-4313\A2\commons-cli\target\test-classes
  - E:\EECS-4313\A2\commons-cli\target\classes
  - C:\Users\dyw96\.m2\repository\org\junit\jupiter\junit-jupiter-api\5.14.2\junit-jupiter-api-5.14.2.jar
  - C:\Users\dyw96\.m2\repository\org\opentest4j\opentest4j\1.3.0\opentest4j-1.3.0.jar
  - C:\Users\dyw96\.m2\repository\org\junit\platform\junit-platform-commons\1.14.2\junit-platform-commons-1.14.2.jar
  - C:\Users\dyw96\.m2\repository\org\apiguardian\apiguardian-api\1.1.2\apiguardian-api-1.1.2.jar
  - C:\Users\dyw96\.m2\repository\org\junit\jupiter\junit-jupiter-engine\5.14.2\junit-jupiter-engine-5.14.2.jar
  - C:\Users\dyw96\.m2\repository\org\junit\platform\junit-platform-engine\1.14.2\junit-platform-engine-1.14.2.jar
  - C:\Users\dyw96\.m2\repository\org\junit\vintage\junit-vintage-engine\5.14.2\junit-vintage-engine-5.14.2.jar
  - C:\Users\dyw96\.m2\repository\org\junit\jupiter\junit-jupiter-params\5.14.2\junit-jupiter-params-5.14.2.jar
  - C:\Users\dyw96\.m2\repository\org\junit-pioneer\junit-pioneer\1.9.1\junit-pioneer-1.9.1.jar
  - C:\Users\dyw96\.m2\repository\org\junit\platform\junit-platform-launcher\1.14.2\junit-platform-launcher-1.14.2.jar
  - C:\Users\dyw96\.m2\repository\junit\junit\4.13.2\junit-4.13.2.jar
  - C:\Users\dyw96\.m2\repository\org\hamcrest\hamcrest-core\1.3\hamcrest-core-1.3.jar
  - C:\Users\dyw96\.m2\repository\commons-io\commons-io\2.21.0\commons-io-2.21.0.jar
  - C:\Users\dyw96\.m2\repository\org\apache\commons\commons-text\1.15.0\commons-text-1.15.0.jar
  - C:\Users\dyw96\.m2\repository\org\apache\commons\commons-lang3\3.20.0\commons-lang3-3.20.0.jar
  - C:\Users\dyw96\.m2\repository\org\mockito\mockito-core\4.11.0\mockito-core-4.11.0.jar
  - C:\Users\dyw96\.m2\repository\net\bytebuddy\byte-buddy\1.12.19\byte-buddy-1.12.19.jar
  - C:\Users\dyw96\.m2\repository\net\bytebuddy\byte-buddy-agent\1.12.19\byte-buddy-agent-1.12.19.jar
  - C:\Users\dyw96\.m2\repository\org\objenesis\objenesis\3.3\objenesis-3.3.jar
* Finished analyzing classpath
* Generating tests for class org.apache.commons.cli.AlreadySelectedException
* Test criteria:
  - Line Coverage
  - Branch Coverage
  - Exception
  - Mutation testing (weak)
  - Method-Output Coverage
  - Top-Level Method Coverage
  - No-Exception Top-Level Method Coverage
  - Context Branch Coverage
* Setting up search algorithm for whole suite generation
[MASTER] 19:35:30.023 [pool-2-thread-1] WARN  TestSuiteSerialization - Cannot load tests because file does not exist: E:\EECS-4313\A2\commons-cli\.evosuite\evosuite-seeds\org.apache.commons.cli.AlreadySelectedException.seed
* Loaded 0 tests from E:\EECS-4313\A2\commons-cli\.evosuite\evosuite-seeds\org.apache.commons.cli.AlreadySelectedException.seed
* Total number of test goals: 
  - Line 11
  - Branch 4
  - Exception 0
  - MutationFactory 0
  - Output 28
  - Method 4
  - MethodNoException 4
  - CBranchFitnessFactory 4
* Using seed 1773790528455
* Starting evolution
[MASTER] 19:35:38.844 [pool-2-thread-1] WARN  ResourceController - Shutting down the search due to running out of computational resources
[MASTER] 19:35:39.142 [pool-2-thread-1] WARN  ResourceController - Shutting down the search due to running out of computational resources
[MASTER] 19:35:39.430 [pool-2-thread-1] WARN  ResourceController - Shutting down the search due to running out of computational resources
[MASTER] 19:35:39.765 [pool-2-thread-1] WARN  ResourceController - Shutting down the search due to running out of computational resources
[MASTER] 19:35:40.102 [pool-2-thread-1] WARN  ResourceController - Shutting down the search due to running out of computational resources
[MASTER] 19:35:40.389 [pool-2-thread-1] WARN  ResourceController - Shutting down the search due to running out of computational resources
[MASTER] 19:35:40.674 [pool-2-thread-1] WARN  ResourceController - Shutting down the search due to running out of computational resources
[MASTER] 19:35:40.971 [pool-2-thread-1] WARN  ResourceController - Shutting down the search due to running out of computational resources
[MASTER] 19:35:41.314 [pool-2-thread-1] WARN  ResourceController - Shutting down the search due to running out of computational resources
[MASTER] 19:35:41.615 [pool-2-thread-1] WARN  ResourceController - Shutting down the search due to running out of computational resources
[MASTER] 19:35:41.905 [pool-2-thread-1] WARN  ResourceController - Shutting down the search due to running out of computational resources
[MASTER] 19:35:42.198 [pool-2-thread-1] WARN  ResourceController - Shutting down the search due to running out of computational resources
[MASTER] 19:35:42.535 [pool-2-thread-1] WARN  ResourceController - Shutting down the search due to running out of computational resources
[MASTER] 19:35:42.830 [pool-2-thread-1] WARN  ResourceController - Shutting down the search due to running out of computational resources
[MASTER] 19:35:43.129 [pool-2-thread-1] WARN  ResourceController - Shutting down the search due to running out of computational resources
* Search finished after 13s and 83 generations, 14566 statements, best individual has fitness: 6.5
* Writing sequences to pool
* Minimizing test suite
* Going to analyze the coverage criteria
* Coverage analysis for criterion LINE
* Coverage of criterion LINE: 82%
* Total number of goals: 11
* Number of covered goals: 9
* Coverage analysis for criterion BRANCH
* Coverage of criterion BRANCH: 100%
* Total number of goals: 4
* Number of covered goals: 4
* Coverage analysis for criterion EXCEPTION
* Coverage of criterion EXCEPTION: 100%
* Total number of goals: 1
* Number of covered goals: 1
* Coverage analysis for criterion WEAKMUTATION
* Coverage of criterion WEAKMUTATION: 100% (no goals)
* Coverage analysis for criterion OUTPUT
* Coverage of criterion OUTPUT: 79%
* Total number of goals: 28
* Number of covered goals: 22
* Coverage analysis for criterion METHOD
* Coverage of criterion METHOD: 100%
* Total number of goals: 4
* Number of covered goals: 4
* Coverage analysis for criterion METHODNOEXCEPTION
* Coverage of criterion METHODNOEXCEPTION: 100%
* Total number of goals: 4
* Number of covered goals: 4
* Coverage analysis for criterion CBRANCH
* Coverage of criterion CBRANCH: 100%
* Total number of goals: 4
* Number of covered goals: 4
* Generated 8 tests with total length 31
* Resulting test suite's coverage: 97% (average coverage for all fitness functions)
* Generating assertions
* Resulting test suite's mutation score: 100%
* Compiling and checking tests
[MASTER] 19:35:45.164 [pool-2-thread-1] WARN  MSecurityManager - SUT asked for a runtime permission that EvoSuite does not recognize: net.bytebuddy.createJavaDispatcher
[MASTER] 19:35:45.377 [pool-2-thread-1] WARN  MSecurityManager - SUT asked for a runtime permission that EvoSuite does not recognize: net.bytebuddy.createJavaDispatcher
[MASTER] 19:35:45.620 [pool-2-thread-1] WARN  MSecurityManager - SUT asked for a runtime permission that EvoSuite does not recognize: net.bytebuddy.createJavaDispatcher
* Permissions denied during test execution: 
  - java.lang.RuntimePermission: 
         net.bytebuddy.createJavaDispatcher: 5
         writeFileDescriptor: 3
* Writing JUnit test case 'AlreadySelectedException_ESTest' to E:\EECS-4313\A2\commons-cli\.evosuite\tmp_2026_03_17_18_57_04\tests
* Done!

