* Starting client
* Connecting to master process on port 16450
* Analyzing classpath: 
  - E:\EECS-4313\A2\commons-cli\target\test-classes
  - E:\EECS-4313\A2\commons-cli\target\classes
  - C:\Users\dyw96\.m2\repository\org\junit\jupiter\junit-jupiter-api\5.14.2\junit-jupiter-api-5.14.2.jar
  - C:\Users\dyw96\.m2\repository\org\opentest4j\opentest4j\1.3.0\opentest4j-1.3.0.jar
  - C:\Users\dyw96\.m2\repository\org\junit\platform\junit-platform-commons\1.14.2\junit-platform-commons-1.14.2.jar
  - C:\Users\dyw96\.m2\repository\org\apiguardian\apiguardian-api\1.1.2\apiguardian-api-1.1.2.jar
  - C:\Users\dyw96\.m2\repository\org\junit\jupiter\junit-jupiter-engine\5.14.2\junit-jupiter-engine-5.14.2.jar
  - C:\Users\dyw96\.m2\repository\org\junit\platform\junit-platform-engine\1.14.2\junit-platform-engine-1.14.2.jar
  - C:\Users\dyw96\.m2\repository\org\junit\vintage\junit-vintage-engine\5.14.2\junit-vintage-engine-5.14.2.jar
  - C:\Users\dyw96\.m2\repository\org\junit\jupiter\junit-jupiter-params\5.14.2\junit-jupiter-params-5.14.2.jar
  - C:\Users\dyw96\.m2\repository\org\junit-pioneer\junit-pioneer\1.9.1\junit-pioneer-1.9.1.jar
  - C:\Users\dyw96\.m2\repository\org\junit\platform\junit-platform-launcher\1.14.2\junit-platform-launcher-1.14.2.jar
  - C:\Users\dyw96\.m2\repository\junit\junit\4.13.2\junit-4.13.2.jar
  - C:\Users\dyw96\.m2\repository\org\hamcrest\hamcrest-core\1.3\hamcrest-core-1.3.jar
  - C:\Users\dyw96\.m2\repository\commons-io\commons-io\2.21.0\commons-io-2.21.0.jar
  - C:\Users\dyw96\.m2\repository\org\apache\commons\commons-text\1.15.0\commons-text-1.15.0.jar
  - C:\Users\dyw96\.m2\repository\org\apache\commons\commons-lang3\3.20.0\commons-lang3-3.20.0.jar
  - C:\Users\dyw96\.m2\repository\org\mockito\mockito-core\4.11.0\mockito-core-4.11.0.jar
  - C:\Users\dyw96\.m2\repository\net\bytebuddy\byte-buddy\1.12.19\byte-buddy-1.12.19.jar
  - C:\Users\dyw96\.m2\repository\net\bytebuddy\byte-buddy-agent\1.12.19\byte-buddy-agent-1.12.19.jar
  - C:\Users\dyw96\.m2\repository\org\objenesis\objenesis\3.3\objenesis-3.3.jar
* Finished analyzing classpath
* Generating tests for class org.apache.commons.cli.help.AbstractHelpFormatter
* Test criteria:
  - Line Coverage
  - Branch Coverage
  - Exception
  - Mutation testing (weak)
  - Method-Output Coverage
  - Top-Level Method Coverage
  - No-Exception Top-Level Method Coverage
  - Context Branch Coverage
* Setting up search algorithm for whole suite generation
[MASTER] 19:20:03.458 [pool-2-thread-1] WARN  TestSuiteSerialization - Cannot load tests because file does not exist: E:\EECS-4313\A2\commons-cli\.evosuite\evosuite-seeds\org.apache.commons.cli.help.AbstractHelpFormatter.seed
* Loaded 0 tests from E:\EECS-4313\A2\commons-cli\.evosuite\evosuite-seeds\org.apache.commons.cli.help.AbstractHelpFormatter.seed
* Total number of test goals: 
  - Line 92
  - Branch 56
  - Exception 0
  - MutationFactory 110
  - Output 44
  - Method 29
  - MethodNoException 29
  - CBranchFitnessFactory 56
* Using seed 1773789601778
* Starting evolution
* Search finished after 57s and 166 generations, 91091 statements, best individual has fitness: 33.25
* Writing sequences to pool
* Minimizing test suite
* Going to analyze the coverage criteria
* Coverage analysis for criterion LINE
* Coverage of criterion LINE: 99%
* Total number of goals: 92
* Number of covered goals: 91
* Coverage analysis for criterion BRANCH
* Coverage of criterion BRANCH: 95%
* Total number of goals: 56
* Number of covered goals: 53
* Coverage analysis for criterion EXCEPTION
* Coverage of criterion EXCEPTION: 100%
* Total number of goals: 11
* Number of covered goals: 11
* Coverage analysis for criterion WEAKMUTATION
* Coverage of criterion WEAKMUTATION: 94%
* Total number of goals: 110
* Number of covered goals: 103
* Coverage analysis for criterion OUTPUT
* Coverage of criterion OUTPUT: 55%
* Total number of goals: 44
* Number of covered goals: 24
* Coverage analysis for criterion METHOD
* Coverage of criterion METHOD: 100%
* Total number of goals: 29
* Number of covered goals: 29
* Coverage analysis for criterion METHODNOEXCEPTION
* Coverage of criterion METHODNOEXCEPTION: 100%
* Total number of goals: 29
* Number of covered goals: 29
* Coverage analysis for criterion CBRANCH
* Coverage of criterion CBRANCH: 95%
* Total number of goals: 56
* Number of covered goals: 53
* Generated 49 tests with total length 195
* Resulting test suite's coverage: 92% (average coverage for all fitness functions)
* Generating assertions
* Resulting test suite's mutation score: 32%
* Compiling and checking tests
[MASTER] 19:21:08.310 [pool-2-thread-1] WARN  MSecurityManager - SUT asked for a runtime permission that EvoSuite does not recognize: net.bytebuddy.createJavaDispatcher
[MASTER] 19:21:08.506 [pool-2-thread-1] WARN  MSecurityManager - SUT asked for a runtime permission that EvoSuite does not recognize: net.bytebuddy.createJavaDispatcher
[MASTER] 19:21:08.763 [pool-2-thread-1] WARN  MSecurityManager - SUT asked for a runtime permission that EvoSuite does not recognize: net.bytebuddy.createJavaDispatcher
[MASTER] 19:21:09.010 [pool-2-thread-1] WARN  MSecurityManager - SUT asked for a runtime permission that EvoSuite does not recognize: net.bytebuddy.createJavaDispatcher
[MASTER] 19:21:09.242 [pool-2-thread-1] WARN  MSecurityManager - SUT asked for a runtime permission that EvoSuite does not recognize: net.bytebuddy.createJavaDispatcher
[MASTER] 19:21:09.479 [pool-2-thread-1] WARN  MSecurityManager - SUT asked for a runtime permission that EvoSuite does not recognize: net.bytebuddy.createJavaDispatcher
[MASTER] 19:21:09.708 [pool-2-thread-1] WARN  MSecurityManager - SUT asked for a runtime permission that EvoSuite does not recognize: net.bytebuddy.createJavaDispatcher
[MASTER] 19:21:09.938 [pool-2-thread-1] WARN  MSecurityManager - SUT asked for a runtime permission that EvoSuite does not recognize: net.bytebuddy.createJavaDispatcher
* Permissions denied during test execution: 
  - java.lang.RuntimePermission: 
         net.bytebuddy.createJavaDispatcher: 15
         writeFileDescriptor: 1
* Writing JUnit test case 'AbstractHelpFormatter_ESTest' to E:\EECS-4313\A2\commons-cli\.evosuite\tmp_2026_03_17_18_57_04\tests
* Done!

